# JRE version: Java(TM) SE Runtime Environment 18.9 (11.0.13+10) (build 11.0.13+10-LTS-370)
# Java VM: Java HotSpot(TM) 64-Bit Server VM 18.9 (11.0.13+10-LTS-370, mixed mode, tiered, compressed oops, g1 gc, windows-amd64)
Heap:
 garbage-first heap   total 390144K, used 304088K [0x00000000e0000000, 0x0000000100000000)
  region size 1024K, 17 young (17408K), 4 survivors (4096K)
 Metaspace       used 140415K, capacity 145589K, committed 145612K, reserved 380928K
  class space    used 17137K, capacity 19131K, committed 19148K, reserved 253952K
GC Heap History (10 events):
Event: 697.359 GC heap before
{Heap before GC invocations=130 (full 0):
 garbage-first heap   total 390144K, used 327821K [0x00000000e0000000, 0x0000000100000000)
  region size 1024K, 43 young (44032K), 5 survivors (5120K)
 Metaspace       used 139600K, capacity 144799K, committed 145100K, reserved 380928K
  class space    used 17089K, capacity 19082K, committed 19148K, reserved 253952K
}
Event: 697.394 GC heap after
{Heap after GC invocations=131 (full 0):
 garbage-first heap   total 390144K, used 291944K [0x00000000e0000000, 0x0000000100000000)
  region size 1024K, 4 young (4096K), 4 survivors (4096K)
 Metaspace       used 139600K, capacity 144799K, committed 145100K, reserved 380928K
  class space    used 17089K, capacity 19082K, committed 19148K, reserved 253952K
}
Event: 697.614 GC heap before
{Heap before GC invocations=131 (full 0):
 garbage-first heap   total 390144K, used 307304K [0x00000000e0000000, 0x0000000100000000)
  region size 1024K, 19 young (19456K), 4 survivors (4096K)
 Metaspace       used 139786K, capacity 145001K, committed 145100K, reserved 380928K
  class space    used 17091K, capacity 19084K, committed 19148K, reserved 253952K
}
Event: 697.729 GC heap after
{Heap after GC invocations=132 (full 0):
 garbage-first heap   total 390144K, used 278562K [0x00000000e0000000, 0x0000000100000000)
  region size 1024K, 2 young (2048K), 2 survivors (2048K)
 Metaspace       used 139786K, capacity 145001K, committed 145100K, reserved 380928K
  class space    used 17091K, capacity 19084K, committed 19148K, reserved 253952K
}
Event: 697.815 GC heap before
{Heap before GC invocations=132 (full 0):
 garbage-first heap   total 390144K, used 285730K [0x00000000e0000000, 0x0000000100000000)
  region size 1024K, 10 young (10240K), 2 survivors (2048K)
 Metaspace       used 139805K, capacity 145001K, committed 145100K, reserved 380928K
  class space    used 17091K, capacity 19084K, committed 19148K, reserved 253952K
}
Event: 697.835 GC heap after
{Heap after GC invocations=133 (full 0):
 garbage-first heap   total 390144K, used 280017K [0x00000000e0000000, 0x0000000100000000)
  region size 1024K, 4 young (4096K), 4 survivors (4096K)
 Metaspace       used 139805K, capacity 145001K, committed 145100K, reserved 380928K
  class space    used 17091K, capacity 19084K, committed 19148K, reserved 253952K
}
Event: 698.890 GC heap before
{Heap before GC invocations=133 (full 0):
 garbage-first heap   total 390144K, used 327121K [0x00000000e0000000, 0x0000000100000000)
  region size 1024K, 44 young (45056K), 4 survivors (4096K)
 Metaspace       used 140320K, capacity 145512K, committed 145612K, reserved 380928K
  class space    used 17134K, capacity 19127K, committed 19148K, reserved 253952K
}
Event: 698.903 GC heap after
{Heap after GC invocations=134 (full 0):
 garbage-first heap   total 390144K, used 286135K [0x00000000e0000000, 0x0000000100000000)
  region size 1024K, 6 young (6144K), 6 survivors (6144K)
 Metaspace       used 140320K, capacity 145512K, committed 145612K, reserved 380928K
  class space    used 17134K, capacity 19127K, committed 19148K, reserved 253952K
}
Event: 700.006 GC heap before
{Heap before GC invocations=135 (full 0):
 garbage-first heap   total 390144K, used 332215K [0x00000000e0000000, 0x0000000100000000)
  region size 1024K, 44 young (45056K), 6 survivors (6144K)
 Metaspace       used 140401K, capacity 145589K, committed 145612K, reserved 380928K
  class space    used 17137K, capacity 19131K, committed 19148K, reserved 253952K
}
Event: 700.026 GC heap after
{Heap after GC invocations=136 (full 0):
 garbage-first heap   total 390144K, used 288728K [0x00000000e0000000, 0x0000000100000000)
  region size 1024K, 4 young (4096K), 4 survivors (4096K)
 Metaspace       used 140401K, capacity 145589K, committed 145612K, reserved 380928K
  class space    used 17137K, capacity 19131K, committed 19148K, reserved 253952K
}

